<?xml version="1.0" encoding="UTF-8"?>
<!-- Generated by org.testng.reporters.JUnitXMLReporter -->
<testsuite ignored="1" hostname="DESKTOP-FDHBAS8" failures="0" tests="1" name="Test" time="90.373" errors="0" timestamp="2023-08-08T20:46:53 IST">
  <testcase classname="vtiger.ContactsTests.CreateContactWithOrganizationTest" name="createContactWithOrgTest" time="34.988"/>
  <testcase classname="vtiger.ContactsTests.CreateContactWithOrganizationTest" name="demoTest" time="0.0">
    <ignored/>
  </testcase> <!-- demoTest -->
</testsuite> <!-- Test -->
