<?xml version="1.0" encoding="UTF-8"?>
<!-- Generated by org.testng.reporters.JUnitXMLReporter -->
<testsuite ignored="1" hostname="DESKTOP-FDHBAS8" failures="0" tests="1" name="Test" time="30.882" errors="0" timestamp="2023-08-02T20:17:52 IST">
  <testcase classname="vtiger.OrganizationTests.CreateOrganizationWithIndustryTypeTest" name="createOrgWithIndustryTypeTest" time="17.65"/>
  <testcase classname="vtiger.OrganizationTests.CreateOrganizationWithIndustryTypeTest" name="sampleTest" time="0.0">
    <ignored/>
  </testcase> <!-- sampleTest -->
</testsuite> <!-- Test -->
