<?xml version="1.0" encoding="UTF-8"?>
<testng-results ignored="1" total="2" passed="1" failed="0" skipped="0">
  <reporter-output>
    <line>
      <![CDATA[Organization link is clicked]]>
    </line>
    <line>
      <![CDATA[Create Organization look up image is clicked]]>
    </line>
    <line>
      <![CDATA[Organization is created]]>
    </line>
    <line>
      <![CDATA[Contact link is clicked]]>
    </line>
    <line>
      <![CDATA[Create contact look up image is clicked]]>
    </line>
    <line>
      <![CDATA[Contact is created]]>
    </line>
  </reporter-output>
  <suite started-at="2023-08-08T20:45:23 IST" name="Suite" finished-at="2023-08-08T20:46:53 IST" duration-ms="90373">
    <groups>
      <group name="SmokeSuite">
        <method signature="CreateContactWithOrganizationTest.createContactWithOrgTest()[pri:0, instance:vtiger.ContactsTests.CreateContactWithOrganizationTest@4c60d6e9]" name="createContactWithOrgTest" class="vtiger.ContactsTests.CreateContactWithOrganizationTest"/>
      </group> <!-- SmokeSuite -->
    </groups>
    <test started-at="2023-08-08T20:45:23 IST" name="Test" finished-at="2023-08-08T20:46:53 IST" duration-ms="90373">
      <class name="vtiger.ContactsTests.CreateContactWithOrganizationTest">
        <test-method is-config="true" signature="bsConfig()[pri:0, instance:vtiger.ContactsTests.CreateContactWithOrganizationTest@4c60d6e9]" started-at="2023-08-08T20:45:23 IST" name="bsConfig" finished-at="2023-08-08T20:45:23 IST" duration-ms="25" status="PASS">
          <reporter-output>
          </reporter-output>
        </test-method> <!-- bsConfig -->
        <test-method is-config="true" signature="bcConfig()[pri:0, instance:vtiger.ContactsTests.CreateContactWithOrganizationTest@4c60d6e9]" started-at="2023-08-08T20:45:24 IST" name="bcConfig" finished-at="2023-08-08T20:46:11 IST" duration-ms="47531" status="PASS">
          <reporter-output>
          </reporter-output>
        </test-method> <!-- bcConfig -->
        <test-method is-config="true" signature="bmConfig()[pri:0, instance:vtiger.ContactsTests.CreateContactWithOrganizationTest@4c60d6e9]" started-at="2023-08-08T20:46:11 IST" name="bmConfig" finished-at="2023-08-08T20:46:16 IST" duration-ms="4411" status="PASS">
          <reporter-output>
          </reporter-output>
        </test-method> <!-- bmConfig -->
        <test-method signature="createContactWithOrgTest()[pri:0, instance:vtiger.ContactsTests.CreateContactWithOrganizationTest@4c60d6e9]" started-at="2023-08-08T20:46:16 IST" name="createContactWithOrgTest" finished-at="2023-08-08T20:46:51 IST" duration-ms="34988" status="PASS">
          <reporter-output>
            <line>
              <![CDATA[Organization link is clicked]]>
            </line>
            <line>
              <![CDATA[Create Organization look up image is clicked]]>
            </line>
            <line>
              <![CDATA[Organization is created]]>
            </line>
            <line>
              <![CDATA[Contact link is clicked]]>
            </line>
            <line>
              <![CDATA[Create contact look up image is clicked]]>
            </line>
            <line>
              <![CDATA[Contact is created]]>
            </line>
          </reporter-output>
        </test-method> <!-- createContactWithOrgTest -->
        <test-method is-config="true" signature="amconfig()[pri:0, instance:vtiger.ContactsTests.CreateContactWithOrganizationTest@4c60d6e9]" started-at="2023-08-08T20:46:51 IST" name="amconfig" finished-at="2023-08-08T20:46:53 IST" duration-ms="2275" status="PASS">
          <reporter-output>
          </reporter-output>
        </test-method> <!-- amconfig -->
        <test-method is-config="true" signature="acConfig()[pri:0, instance:vtiger.ContactsTests.CreateContactWithOrganizationTest@4c60d6e9]" started-at="2023-08-08T20:46:53 IST" name="acConfig" finished-at="2023-08-08T20:46:53 IST" duration-ms="464" status="PASS">
          <reporter-output>
          </reporter-output>
        </test-method> <!-- acConfig -->
        <test-method is-config="true" signature="asConfig()[pri:0, instance:vtiger.ContactsTests.CreateContactWithOrganizationTest@4c60d6e9]" started-at="2023-08-08T20:46:54 IST" name="asConfig" finished-at="2023-08-08T20:46:54 IST" duration-ms="1" status="PASS">
          <reporter-output>
          </reporter-output>
        </test-method> <!-- asConfig -->
      </class> <!-- vtiger.ContactsTests.CreateContactWithOrganizationTest -->
    </test> <!-- Test -->
  </suite> <!-- Suite -->
</testng-results>
